<?xml version="1.0" encoding="UTF-8"?>
<testng-results skipped="0" failed="0" total="1" passed="1">
  <reporter-output>
    <line>
      <![CDATA[Hello]]>
    </line>
  </reporter-output>
  <suite name="Suite" duration-ms="28408" started-at="2019-08-27T11:37:27Z" finished-at="2019-08-27T11:37:55Z">
    <groups>
    </groups>
    <test name="Test" duration-ms="28408" started-at="2019-08-27T11:37:27Z" finished-at="2019-08-27T11:37:55Z">
      <class name="TestJava">
        <test-method status="PASS" signature="testJava()[pri:0, instance:TestJava@7c16905e]" name="testJava" duration-ms="28386" started-at="2019-08-27T17:07:27Z" finished-at="2019-08-27T17:07:55Z">
          <reporter-output>
            <line>
              <![CDATA[Hello]]>
            </line>
          </reporter-output>
        </test-method> <!-- testJava -->
      </class> <!-- TestJava -->
    </test> <!-- Test -->
  </suite> <!-- Suite -->
</testng-results>
